20231009	00:30:48	ec3fe335-b0bc-4268-bb5a-dea137a96079	POST	/api/v1/auth/login	undefined
20231009	22:18:56	1947ce3d-a21e-446d-95d7-89e02ec8fe66	GET	/api/v1/auth/refresh	undefined
20231009	22:20:05	b362f9c7-d389-493a-a4ab-bf0ff5a595b5	GET	/api/v1/auth/refresh	undefined
20231009	22:24:55	ced1aad0-ff5a-41f5-a498-b72c230013fc	GET	/api/v1/auth/refresh	undefined
20231009	22:46:41	724dae60-51f0-495f-b5a9-1b67bb78d26b	POST	/api/v1/auth/logout	undefined
20231009	22:46:46	2f2d8e03-1968-46f1-92bf-e24aaec9fa75	GET	/api/v1/auth/refresh	undefined
20231009	22:54:13	7b5a973c-367f-444d-9aa2-45745ee19d15	POST	/api/v1/auth/login	undefined
20231009	22:54:28	e8fa7978-eada-44cd-a7bf-94e2301cbcf5	POST	/api/v1/auth/login	undefined
20231009	22:55:13	5daa77c0-ec8e-46fc-8725-d357bd6b0037	GET	/api/v1/auth/refresh	undefined
20231009	22:55:24	26a56a0b-7838-4fdd-8874-c14a8cabe173	POST	/api/v1/auth/logout	undefined
20231009	22:55:32	bcb2b38d-cf94-4b14-9e43-d0e625676b83	POST	/api/v1/auth/logout	undefined
20231009	22:55:37	f1f3bec6-301b-4f71-87a7-55967ad7f526	GET	/api/v1/auth/refresh	undefined
20231010	00:05:23	c817928e-e512-495b-bdb7-df0a1257cda5	GET	/	undefined
20231010	00:05:24	3b02fd6a-4cf5-46b9-a335-ece0dc7e7558	GET	/css/style.css	undefined
20231010	00:05:24	8ceda6c5-1cc4-4104-913a-4d66585d7286	GET	/favicon.ico	undefined
20231010	15:02:21	1ec66918-c50c-4fb8-8647-6baa97e66e19	GET	/	undefined
20231010	15:02:22	1e24d0e1-0746-42dc-82dc-1d2be075a4ec	GET	/css/style.css	undefined
20231010	15:06:02	32cd9941-0502-438b-8edc-14cfad5dd640	POST	/api/v1/auth/login	undefined
20231010	15:07:41	45e72568-2241-4b1e-8218-1797c14dc85b	POST	/api/v1/auth/login	undefined
20231010	15:07:55	392157ee-dda0-4390-ac73-9899cd14893c	GET	/api/v1/auth/refresh	undefined
20231010	15:08:13	04ee7ef7-c29a-4cb1-95cc-1a70f686786f	GET	/api/v1/auth/refresh	undefined
20231010	15:08:28	210effdc-1d68-4891-b111-a87858165232	GET	/api/v1/auth/refresh	undefined
20231010	15:09:19	adcf2ce3-9b50-45bc-aa0b-41e51f13670d	GET	/api/v1/auth/refresh	undefined
20231010	15:10:00	95c3aba5-e098-4b7e-a177-a77cbb1d84e7	GET	/api/v1/auth/refresh	undefined
20231010	15:43:23	df3343ea-bc0c-46a7-aa54-fe47244ab2c8	POST	/api/v1/user/secret	undefined
20231010	15:45:28	aa183851-3103-4563-b91c-15fd2999dcef	POST	/api/v1/user/secret	undefined
20231010	15:46:04	da5b686b-8431-4aa2-8a1a-c5ee11291881	POST	/api/v1/auth/login	undefined
20231010	15:46:18	61b8fefb-b454-47c6-8d7d-238ed8d0614d	POST	/api/v1/user/secret/652306e26f1fdd66b158fcac	undefined
20231010	15:56:53	791b5153-d7bb-446a-a57f-ae156ab0d732	GET	/api/v1/user/652306e26f1fdd66b158fcac	undefined
20231010	16:00:09	dc0dc495-54f3-4790-8147-7b2ce0631e56	POST	/api/v1/user/secret/652306e26f1fdd66b158fcac	undefined
20231010	16:03:07	7124cdb8-5245-45c1-8fe9-1cc55484ed24	POST	/api/v1/user/secret/652306e26f1fdd66b158fcac	undefined
20231010	16:03:17	125d3cbc-f342-49fe-ab7e-b16615976799	POST	/api/v1/auth/logout	undefined
20231010	16:03:27	b76a31e6-3092-4d97-8fe7-599a6436c9b0	POST	/api/v1/auth/login	undefined
20231010	16:03:53	36611913-fca9-4565-8038-759b781d1cc4	POST	/api/v1/user/secret/6523073131be4164a8986fdf	undefined
20231010	16:04:00	4fbebc84-9670-4adc-b736-68035ba0ebd2	GET	/api/v1/user/652306e26f1fdd66b158fcac	undefined
20231010	16:04:11	11693d6b-a633-4cf5-b6a9-c51b54cccd7b	GET	/api/v1/user/6523073131be4164a8986fdf	undefined
20231010	16:04:47	7b9999c8-3957-4849-9998-2c33db9f511f	POST	/api/v1/user/secret/6523073131be4164a8986fdf	undefined
20231010	22:33:13	d41fdfc1-20ed-466a-90f1-32f42961c55f	POST	/api/v1/user/secret/6523073131be4164a8986fdf	undefined
20231010	22:55:06	3a468f35-5ba1-4915-9254-20ddd455fab4	POST	/api/v1/user/secret/6523073131be4164a8986fdf	undefined
20231010	22:55:35	a2a40eab-1c72-4fee-b09f-83d2080a2343	POST	/api/v1/auth/logout	undefined
20231010	22:55:50	7be90b8c-ef50-47d5-9323-ffd2e6537842	POST	/api/v1/auth/login	undefined
20231010	22:57:25	a30e241c-7173-49ce-a69e-6e98afcff466	POST	/api/v1/user/secret/6523073131be4164a8986fdf	undefined
20231010	23:01:07	23e2fd3e-8543-4026-bf74-efb0eb44ded3	POST	/api/v1/user/secret/6523073131be4164a8986fdf	undefined
20231010	23:01:55	876c3b2f-8cbd-499d-a0be-3e63d3374b67	POST	/api/v1/user/secret/6523073131be4164a8986fdf	undefined
20231010	23:02:01	d21089b5-b833-4893-9754-330746bffb4a	POST	/api/v1/user/secret/6523073131be4164a8986fdf	undefined
20231010	23:02:45	fec2af51-7e37-49d5-8d50-75a17fb9cd44	POST	/api/v1/user/secret/6523073131be4164a8986fdf	undefined
20231010	23:03:31	d0ee395f-7e62-4da3-bef2-0a9ee11ae5b8	POST	/api/v1/user/secret/6523073131be4164a8986fdf	undefined
20231010	23:04:20	680742ff-caeb-4607-8c93-b812773744e3	POST	/api/v1/user/secret/6523073131be4164a8986fdf	undefined
20231010	23:04:50	5809710a-8119-4a4e-9c00-4332425a3466	POST	/api/v1/user/secret/6523073131be4164a8986fdf	undefined
